<?xml version="1.0" encoding="UTF-8"?>
<testng-results ignored="0" total="1" passed="1" failed="0" skipped="0">
  <reporter-output>
  </reporter-output>
  <suite started-at="2025-05-31T22:15:01 EDT" name="Default suite" finished-at="2025-05-31T22:15:10 EDT" duration-ms="8309">
    <groups>
      <group name="cucumber">
        <method signature="AbstractTestNGCucumberTests.runScenario(io.cucumber.testng.PickleWrapper,io.cucumber.testng.FeatureWrapper)[pri:0, instance:runner.RunTestNGTest@689604d9]" name="runScenario" class="io.cucumber.testng.AbstractTestNGCucumberTests"/>
      </group> <!-- cucumber -->
    </groups>
    <test started-at="2025-05-31T22:15:01 EDT" name="Default test" finished-at="2025-05-31T22:15:10 EDT" duration-ms="8309">
      <class name="runner.RunTestNGTest">
        <test-method is-config="true" signature="setUpClass(org.testng.ITestContext)[pri:0, instance:runner.RunTestNGTest@689604d9]" started-at="2025-05-31T22:15:01 EDT" name="setUpClass" finished-at="2025-05-31T22:15:02 EDT" duration-ms="160" status="PASS">
          <params>
            <param index="0">
              <value>
                <![CDATA[org.testng.TestRunner@38d5b107]]>
              </value>
            </param>
          </params>
          <reporter-output>
          </reporter-output>
        </test-method> <!-- setUpClass -->
        <test-method signature="runScenario(io.cucumber.testng.PickleWrapper,io.cucumber.testng.FeatureWrapper)[pri:0, instance:runner.RunTestNGTest@689604d9]" started-at="2025-05-31T22:15:02 EDT" name="runScenario" description="Runs Cucumber Scenarios" data-provider="scenarios" finished-at="2025-05-31T22:15:10 EDT" duration-ms="8109" status="PASS">
          <params>
            <param index="0">
              <value>
                <![CDATA["Facebook login testing with invalid test data"]]>
              </value>
            </param>
            <param index="1">
              <value>
                <![CDATA["FB login test"]]>
              </value>
            </param>
          </params>
          <reporter-output>
          </reporter-output>
        </test-method> <!-- runScenario -->
        <test-method is-config="true" signature="tearDownClass()[pri:0, instance:runner.RunTestNGTest@689604d9]" started-at="2025-05-31T22:15:10 EDT" name="tearDownClass" finished-at="2025-05-31T22:15:10 EDT" duration-ms="1" status="PASS">
          <reporter-output>
          </reporter-output>
        </test-method> <!-- tearDownClass -->
      </class> <!-- runner.RunTestNGTest -->
    </test> <!-- Default test -->
  </suite> <!-- Default suite -->
</testng-results>
