<?xml version="1.0" encoding="UTF-8"?>
<testng-results ignored="0" total="1" passed="1" failed="0" skipped="0">
  <reporter-output>
  </reporter-output>
  <suite started-at="2025-06-08T21:01:53 EDT" name="Default suite" finished-at="2025-06-08T21:01:54 EDT" duration-ms="617">
    <groups>
    </groups>
    <test started-at="2025-06-08T21:01:53 EDT" name="Default test" finished-at="2025-06-08T21:01:54 EDT" duration-ms="617">
      <class name="com.testscenarios.ReadDataFromExcelFile">
        <test-method signature="f()[pri:0, instance:com.testscenarios.ReadDataFromExcelFile@3270d194]" started-at="2025-06-08T21:01:53 EDT" name="f" finished-at="2025-06-08T21:01:54 EDT" duration-ms="581" status="PASS">
          <reporter-output>
          </reporter-output>
        </test-method> <!-- f -->
      </class> <!-- com.testscenarios.ReadDataFromExcelFile -->
    </test> <!-- Default test -->
  </suite> <!-- Default suite -->
</testng-results>
