<?xml version="1.0" encoding="UTF-8"?>
<testng-results ignored="0" total="1" passed="1" failed="0" skipped="0">
  <reporter-output>
  </reporter-output>
  <suite started-at="2025-05-06T21:22:25 EDT" name="Default suite" finished-at="2025-05-06T21:22:38 EDT" duration-ms="12921">
    <groups>
    </groups>
    <test started-at="2025-05-06T21:22:25 EDT" name="Default test" finished-at="2025-05-06T21:22:38 EDT" duration-ms="12921">
      <class name="testng.NavigationalDemoMethodsDemo">
        <test-method signature="f()[pri:0, instance:testng.NavigationalDemoMethodsDemo@18078bef]" started-at="2025-05-06T21:22:25 EDT" name="f" finished-at="2025-05-06T21:22:38 EDT" duration-ms="12862" status="PASS">
          <reporter-output>
          </reporter-output>
        </test-method> <!-- f -->
      </class> <!-- testng.NavigationalDemoMethodsDemo -->
    </test> <!-- Default test -->
  </suite> <!-- Default suite -->
</testng-results>
